[28-May-2025 02:19:17] NOTICE: fpm is running, pid 288
[28-May-2025 02:19:17] NOTICE: ready to handle connections
[28-May-2025 02:19:43] NOTICE: Terminating ...
[28-May-2025 02:19:43] NOTICE: exiting, bye-bye!
[28-May-2025 02:19:52] NOTICE: fpm is running, pid 262
[28-May-2025 02:19:52] NOTICE: ready to handle connections
[28-May-2025 02:38:49] NOTICE: Terminating ...
[28-May-2025 02:38:49] NOTICE: exiting, bye-bye!
[28-May-2025 02:39:13] NOTICE: fpm is running, pid 263
[28-May-2025 02:39:13] NOTICE: ready to handle connections
[28-May-2025 11:02:59] NOTICE: Terminating ...
[28-May-2025 11:02:59] NOTICE: exiting, bye-bye!
[28-May-2025 11:03:28] NOTICE: fpm is running, pid 228
[28-May-2025 11:03:28] NOTICE: ready to handle connections
[28-May-2025 11:12:27] NOTICE: Terminating ...
[28-May-2025 11:12:27] NOTICE: exiting, bye-bye!
[28-May-2025 11:13:01] NOTICE: fpm is running, pid 264
[28-May-2025 11:13:01] NOTICE: ready to handle connections
[28-May-2025 12:12:55] NOTICE: Terminating ...
[28-May-2025 12:12:55] NOTICE: exiting, bye-bye!
[28-May-2025 12:13:32] NOTICE: fpm is running, pid 261
[28-May-2025 12:13:32] NOTICE: ready to handle connections
[28-May-2025 16:17:29] NOTICE: Terminating ...
[28-May-2025 16:17:29] NOTICE: exiting, bye-bye!
[28-May-2025 19:22:06] NOTICE: fpm is running, pid 260
[28-May-2025 19:22:06] NOTICE: ready to handle connections
[28-May-2025 19:30:03] NOTICE: Terminating ...
[28-May-2025 19:30:03] NOTICE: exiting, bye-bye!
[28-May-2025 19:30:24] NOTICE: fpm is running, pid 263
[28-May-2025 19:30:24] NOTICE: ready to handle connections
[29-May-2025 12:37:15] NOTICE: Terminating ...
[29-May-2025 12:37:15] NOTICE: exiting, bye-bye!
[29-May-2025 12:38:42] NOTICE: fpm is running, pid 263
[29-May-2025 12:38:42] NOTICE: ready to handle connections
[29-May-2025 14:40:00] NOTICE: Terminating ...
[29-May-2025 14:40:00] NOTICE: exiting, bye-bye!
[29-May-2025 14:43:39] NOTICE: fpm is running, pid 262
[29-May-2025 14:43:39] NOTICE: ready to handle connections
[29-May-2025 15:02:37] NOTICE: Terminating ...
[29-May-2025 15:02:37] NOTICE: exiting, bye-bye!
[29-May-2025 15:03:32] NOTICE: fpm is running, pid 261
[29-May-2025 15:03:32] NOTICE: ready to handle connections
[29-May-2025 15:58:40] NOTICE: Terminating ...
[29-May-2025 15:58:40] NOTICE: exiting, bye-bye!
[29-May-2025 16:00:07] NOTICE: fpm is running, pid 262
[29-May-2025 16:00:07] NOTICE: ready to handle connections
[29-May-2025 16:26:42] NOTICE: Terminating ...
[29-May-2025 16:26:42] NOTICE: exiting, bye-bye!
[29-May-2025 16:29:16] NOTICE: fpm is running, pid 225
[29-May-2025 16:29:16] NOTICE: ready to handle connections
[31-May-2025 06:33:43] NOTICE: Terminating ...
[31-May-2025 06:33:43] NOTICE: exiting, bye-bye!
[31-May-2025 06:34:53] NOTICE: fpm is running, pid 260
[31-May-2025 06:34:53] NOTICE: ready to handle connections
[31-May-2025 07:10:24] NOTICE: Terminating ...
[31-May-2025 07:10:24] NOTICE: exiting, bye-bye!
[31-May-2025 07:12:48] NOTICE: fpm is running, pid 262
[31-May-2025 07:12:48] NOTICE: ready to handle connections
[31-May-2025 07:20:51] NOTICE: Terminating ...
[31-May-2025 07:20:51] NOTICE: exiting, bye-bye!
[01-Jun-2025 10:21:03] NOTICE: fpm is running, pid 267
[01-Jun-2025 10:21:03] NOTICE: ready to handle connections
[01-Jun-2025 11:23:43] NOTICE: Terminating ...
[01-Jun-2025 11:23:43] NOTICE: exiting, bye-bye!
[01-Jun-2025 11:24:40] NOTICE: fpm is running, pid 263
[01-Jun-2025 11:24:40] NOTICE: ready to handle connections
[11-Jun-2025 10:16:21] NOTICE: fpm is running, pid 226
[11-Jun-2025 10:16:21] NOTICE: ready to handle connections
[11-Jun-2025 18:02:25] NOTICE: Terminating ...
[11-Jun-2025 18:02:25] NOTICE: exiting, bye-bye!
[11-Jun-2025 18:02:51] NOTICE: fpm is running, pid 262
[11-Jun-2025 18:02:51] NOTICE: ready to handle connections
[12-Jun-2025 17:03:37] NOTICE: Terminating ...
[12-Jun-2025 17:03:37] NOTICE: exiting, bye-bye!
